<?xml version="1.0" encoding="UTF-8" standalone="no"?>
<testsuite errors="0" failures="1" name="io.cucumber.core.plugin.JUnitFormatter" skipped="0" tests="1" time="1.175">
    <testcase classname="Automating Urban Website" name="HomePage Validation" time="0.749">
        <failure message="The path to the driver executable The path to the driver executable must be set by the webdriver.chrome.driver system property; for more information, see https://github.com/SeleniumHQ/selenium/wiki/ChromeDriver. The latest version can be downloaded from https://chromedriver.storage.googleapis.com/index.html" type="java.lang.IllegalStateException"><![CDATA[Given Browser will open with the given url..................................failed
Then validating logo........................................................skipped

StackTrace:
java.lang.IllegalStateException: The path to the driver executable The path to the driver executable must be set by the webdriver.chrome.driver system property; for more information, see https://github.com/SeleniumHQ/selenium/wiki/ChromeDriver. The latest version can be downloaded from https://chromedriver.storage.googleapis.com/index.html
	at org.openqa.selenium.internal.Require$StateChecker.nonNull(Require.java:311)
	at org.openqa.selenium.remote.service.DriverService.findExecutable(DriverService.java:135)
	at org.openqa.selenium.chrome.ChromeDriverService.access$000(ChromeDriverService.java:38)
	at org.openqa.selenium.chrome.ChromeDriverService$Builder.findDefaultExecutable(ChromeDriverService.java:231)
	at org.openqa.selenium.remote.service.DriverService$Builder.build(DriverService.java:437)
	at org.openqa.selenium.chrome.ChromeDriverService.createDefaultService(ChromeDriverService.java:127)
	at org.openqa.selenium.chrome.ChromeDriver.<init>(ChromeDriver.java:48)
	at com.mindtree.utilities.ReadConfig.getChromePath(ReadConfig.java:45)
	at com.mindtree.utilities.BaseClass.setup(BaseClass.java:32)
	at com.mindtree.StepDefinations.HomepageDef.browser_will_open_with_the_given_url(HomepageDef.java:20)
	at ✽.Browser will open with the given url(file:///C:/Users/mindsdet175/git/repository1/CucumberFramework/src/test/resources/features/HomePage.feature:4)
]]></failure>
    </testcase>
</testsuite>
